<?xml version="1.0" encoding="UTF-8"?>
<!-- Generated by org.testng.reporters.JUnitReportReporter -->
<testsuite hostname="DESKTOP-PH7A22V" failures="0" tests="1" name="com.testclass.saucedemo.TS_Allproductclass" time="18.343" errors="0" timestamp="2022-04-14T08:55:42 IST" skipped="0">
  <testcase classname="com.testclass.saucedemo.TS_Allproductclass" name="allproductfunction" time="18.343"/>
  <system-out/>
</testsuite> <!-- com.testclass.saucedemo.TS_Allproductclass -->
