<?xml version="1.0" encoding="UTF-8"?>
<!-- Generated by org.testng.reporters.JUnitReportReporter -->
<testsuite hostname="DESKTOP-PH7A22V" failures="0" tests="3" name="com.testclass.saucedemo.Soft_assertions" time="0.022" errors="0" timestamp="2022-04-11T23:04:17 IST" skipped="0">
  <testcase classname="com.testclass.saucedemo.Soft_assertions" name="verifyProduct" time="0.002"/>
  <system-out/>
  <testcase classname="com.testclass.saucedemo.Soft_assertions" name="sampleTest" time="0.016"/>
  <system-out/>
  <testcase classname="com.testclass.saucedemo.Soft_assertions" name="verifyLogin" time="0.004"/>
  <system-out/>
</testsuite> <!-- com.testclass.saucedemo.Soft_assertions -->
