<?xml version="1.0" encoding="UTF-8"?>
<!-- Generated by org.testng.reporters.JUnitReportReporter -->
<testsuite hostname="DESKTOP-PH7A22V" failures="0" tests="2" name="com.testclass.saucedemo.TS_addcart_function" time="17.746" errors="0" timestamp="2022-04-14T08:55:42 IST" skipped="0">
  <testcase classname="com.testclass.saucedemo.TS_addcart_function" name="clickiconfunction" time="7.715"/>
  <system-out/>
  <testcase classname="com.testclass.saucedemo.TS_addcart_function" name="addcartfunctionality" time="10.031"/>
  <system-out/>
</testsuite> <!-- com.testclass.saucedemo.TS_addcart_function -->
