<?xml version="1.0" encoding="UTF-8"?>
<!-- Generated by org.testng.reporters.JUnitReportReporter -->
<testsuite hostname="DESKTOP-PH7A22V" failures="0" tests="7" name="com.testclass.saucedemo.TestNG_Keywords" time="0.047" errors="0" timestamp="2022-04-13T16:46:00 IST" skipped="1">
  <testcase classname="com.testclass.saucedemo.TestNG_Keywords" name="testB" time="0.008"/>
  <system-out/>
  <testcase classname="com.testclass.saucedemo.TestNG_Keywords" name="testA" time="0.015"/>
  <system-out/>
  <testcase classname="com.testclass.saucedemo.TestNG_Keywords" name="testA" time="0.011"/>
  <system-out/>
  <testcase classname="com.testclass.saucedemo.TestNG_Keywords" name="testA" time="0.007"/>
  <system-out/>
  <testcase classname="com.testclass.saucedemo.TestNG_Keywords" name="testE" time="0.003"/>
  <system-out/>
  <testcase classname="com.testclass.saucedemo.TestNG_Keywords" name="testC" time="0.003"/>
  <system-out/>
  <testcase classname="com.testclass.saucedemo.TestNG_Keywords" name="testD">
    <skipped/>
  </testcase> <!-- testD -->
  <system-out/>
</testsuite> <!-- com.testclass.saucedemo.TestNG_Keywords -->
