<?xml version="1.0" encoding="UTF-8"?>
<!-- Generated by org.testng.reporters.JUnitReportReporter -->
<testsuite hostname="DESKTOP-PH7A22V" failures="0" tests="1" name="com.testclass.saucedemo.TS_ordercompletepage_logout_function" time="2.353" errors="0" timestamp="2022-04-11T12:52:18 IST" skipped="0">
  <testcase classname="com.testclass.saucedemo.TS_ordercompletepage_logout_function" name="ordercomplete_logoutfunction" time="2.353"/>
  <system-out/>
</testsuite> <!-- com.testclass.saucedemo.TS_ordercompletepage_logout_function -->
